2025-01-16 23:37:04 [main] WARN  org.springframework.context.support.ClassPathXmlApplicationContext - Exception encountered during context initialization - cancelling refresh attempt: org.springframework.beans.factory.BeanCreationException: Error creating bean with name 'loginController' defined in class path resource [spring_stereotype_annotations.xml]: Invalid property 'username' of bean class [com.arola.cydb.controllers.LoginController]: Bean property 'username' is not writable or has an invalid setter method. Does the parameter type of the setter match the return type of the getter?
2025-01-16 23:42:28 [main] INFO  org.springframework.beans.factory.annotation.AutowiredAnnotationBeanPostProcessor - Autowired annotation is not supported on static fields: private static org.apache.logging.log4j.Logger com.arola.cydb.controllers.LoginController.logger
2025-01-16 23:44:43 [main] INFO  org.springframework.beans.factory.annotation.AutowiredAnnotationBeanPostProcessor - Autowired annotation is not supported on static fields: private static org.apache.logging.log4j.Logger com.arola.cydb.controllers.LoginController.logger
2025-01-17 04:18:17 [main] INFO  org.springframework.beans.factory.annotation.AutowiredAnnotationBeanPostProcessor - Autowired annotation is not supported on static fields: private static org.apache.logging.log4j.Logger com.arola.cydb.controllers.LoginController.logger
2025-01-17 07:18:19 [main] INFO  org.springframework.beans.factory.annotation.AutowiredAnnotationBeanPostProcessor - Autowired annotation is not supported on static fields: private static org.apache.logging.log4j.Logger com.arola.cydb.controllers.LoginController.logger
2025-01-17 07:21:03 [main] INFO  org.springframework.beans.factory.annotation.AutowiredAnnotationBeanPostProcessor - Autowired annotation is not supported on static fields: private static org.apache.logging.log4j.Logger com.arola.cydb.controllers.LoginController.logger
2025-01-17 07:22:05 [main] INFO  org.springframework.beans.factory.annotation.AutowiredAnnotationBeanPostProcessor - Autowired annotation is not supported on static fields: private static org.apache.logging.log4j.Logger com.arola.cydb.controllers.LoginController.logger
2025-01-17 07:34:40 [main] INFO  org.springframework.beans.factory.annotation.AutowiredAnnotationBeanPostProcessor - Autowired annotation is not supported on static fields: private static org.apache.logging.log4j.Logger com.arola.cydb.controllers.LoginController.logger
2025-01-17 07:34:40 [main] WARN  org.springframework.context.support.ClassPathXmlApplicationContext - Exception encountered during context initialization - cancelling refresh attempt: org.springframework.beans.factory.BeanCreationException: Error creating bean with name 'logger' defined in class path resource [spring_stereotype_annotations.xml]: No matching factory method found on class [org.apache.logging.log4j.Logger]: factory method 'LogManager.getLogger()'. Check that a method with the specified name exists and that it is static.
2025-01-17 07:35:38 [main] INFO  org.springframework.beans.factory.annotation.AutowiredAnnotationBeanPostProcessor - Autowired annotation is not supported on static fields: private static org.apache.logging.log4j.Logger com.arola.cydb.controllers.LoginController.logger
2025-01-17 07:35:38 [main] WARN  org.springframework.context.support.ClassPathXmlApplicationContext - Exception encountered during context initialization - cancelling refresh attempt: org.springframework.beans.factory.BeanCreationException: Error creating bean with name 'logger' defined in class path resource [spring_stereotype_annotations.xml]: No matching factory method found on class [org.apache.logging.log4j.LogManager]: factory method 'LogManager.getLogger()'. Check that a method with the specified name exists and that it is static.
2025-01-17 07:36:17 [main] INFO  org.springframework.beans.factory.annotation.AutowiredAnnotationBeanPostProcessor - Autowired annotation is not supported on static fields: private static org.apache.logging.log4j.Logger com.arola.cydb.controllers.LoginController.logger
2025-01-17 07:38:50 [main] INFO  org.springframework.beans.factory.support.SimpleInstantiationStrategy - Logging in as null with password: null
2025-01-17 07:41:06 [main] INFO  org.springframework.beans.factory.support.SimpleInstantiationStrategy - Logging in as shemuel with password: pass1234word
2025-01-17 07:41:48 [main] INFO  org.springframework.beans.factory.support.SimpleInstantiationStrategy - 
Logging in as shemuel with password: pass1234word

2025-01-17 07:42:19 [main] INFO  org.springframework.beans.factory.support.SimpleInstantiationStrategy - 

Logging in as shemuel with password: pass1234word

2025-01-17 08:10:53 [main] INFO  org.springframework.beans.factory.annotation.AutowiredAnnotationBeanPostProcessor - Autowired annotation is not supported on static fields: private static org.apache.logging.log4j.Logger com.arola.cydb.controllers.LoginController.logger
2025-01-17 08:10:53 [main] INFO  org.springframework.beans.factory.annotation.AutowiredAnnotationBeanPostProcessor - Autowired annotation is not supported on static fields: private static org.apache.logging.log4j.Logger com.arola.cydb.controllers.LoginController.logger
2025-01-17 08:12:18 [main] INFO  org.springframework.beans.factory.support.SimpleInstantiationStrategy - 

Logging in as shemuel with password: pass1234word

2025-01-17 08:21:46 [main] INFO  org.springframework.beans.factory.support.SimpleInstantiationStrategy - 

Logging in as shemuel with password: pass1234word

2025-01-17 08:35:43 [main] INFO  org.springframework.beans.factory.support.SimpleInstantiationStrategy - 

Logging in as null with password: null

2025-01-17 08:36:48 [main] INFO  org.springframework.beans.factory.support.SimpleInstantiationStrategy - 

Logging in as shemuel with password: pass1234word

2025-01-17 08:51:45 [main] WARN  org.springframework.context.support.ClassPathXmlApplicationContext - Exception encountered during context initialization - cancelling refresh attempt: org.springframework.beans.factory.CannotLoadBeanClassException: Cannot find class [com.arola.cydb.models.models.Address] for bean with name 'address' defined in class path resource [spring_stereotype_annotations.xml]
2025-01-17 08:53:07 [main] INFO  org.springframework.beans.factory.support.SimpleInstantiationStrategy - 

Logging in as shemuel with password: pass1234word

2025-01-17 09:15:13 [main] INFO  org.springframework.beans.factory.support.SimpleInstantiationStrategy - Saving a youth: Youth [youthID=null, firstName=Azurah Milcah, lastName=Katongole, address=Address [addressID=0, mobileNumber=0757131918, email=2025newty@gmail.com]]
2025-01-17 09:15:13 [main] INFO  org.springframework.beans.factory.support.SimpleInstantiationStrategy - 

Logging in as shemuel with password: pass1234word

2025-01-17 09:17:14 [main] INFO  org.springframework.beans.factory.support.SimpleInstantiationStrategy - Saving a youth: Youth [youthID=null, firstName=Azurah Milcah, lastName=Katongole, address=Address [addressID=0, mobileNumber=0757131918, email=2025newty@gmail.com]]
2025-01-17 09:17:14 [main] INFO  org.springframework.beans.factory.support.SimpleInstantiationStrategy - 

Logging in as shemuel with password: pass1234word

2025-01-17 09:17:59 [main] INFO  org.springframework.beans.factory.support.SimpleInstantiationStrategy - Saving a youth: Youth [youthID=null, firstName=Azurah Milcah, lastName=Katongole, address=Address [addressID=0, mobileNumber=0757131918, email=2025newty@gmail.com]]
2025-01-17 09:17:59 [main] INFO  org.springframework.beans.factory.support.SimpleInstantiationStrategy - 

Logging in as shemuel with password: pass1234word

2025-01-17 09:20:32 [main] INFO  org.springframework.beans.factory.support.SimpleInstantiationStrategy - Saving a youth: Youth [youthID=null, firstName=Azurah Milcah, lastName=Katongole, address=Address [addressID=0, mobileNumber=0757131918, email=2025newty@gmail.com]]
2025-01-17 09:20:32 [main] INFO  org.springframework.beans.factory.support.SimpleInstantiationStrategy - 

Logging in as shemuel with password: pass1234word

2025-01-17 09:20:32 [main] INFO  org.springframework.beans.factory.support.SimpleInstantiationStrategy - Saving a youth: Youth [youthID=null, firstName=Azurah Milcah, lastName=Katongole, address=Address [addressID=0, mobileNumber=0757131918, email=2025newty@gmail.com]]
2025-01-17 09:20:32 [main] INFO  org.springframework.beans.factory.support.SimpleInstantiationStrategy - =========================================================
2025-01-17 09:20:59 [main] INFO  org.springframework.beans.factory.support.SimpleInstantiationStrategy - Saving a youth: Youth [youthID=null, firstName=Azurah Milcah, lastName=Katongole, address=Address [addressID=0, mobileNumber=0757131918, email=2025newty@gmail.com]]
2025-01-17 09:20:59 [main] INFO  org.springframework.beans.factory.support.SimpleInstantiationStrategy - 

Logging in as shemuel with password: pass1234word

2025-01-17 09:20:59 [main] INFO  org.springframework.beans.factory.support.SimpleInstantiationStrategy - Saving a youth: Youth [youthID=null, firstName=Azurah Milcah, lastName=Katongole, address=Address [addressID=0, mobileNumber=0757131918, email=2025newty@gmail.com]]
2025-01-17 09:20:59 [main] INFO  org.springframework.beans.factory.support.SimpleInstantiationStrategy - 

=========================================================

2025-01-17 09:21:32 [main] INFO  org.springframework.beans.factory.support.SimpleInstantiationStrategy - Saving a youth: Youth [youthID=null, firstName=Azurah Milcah, lastName=Katongole, address=Address [addressID=0, mobileNumber=0757131918, email=2025newty@gmail.com]]
2025-01-17 09:21:32 [main] INFO  org.springframework.beans.factory.support.SimpleInstantiationStrategy - 

Logging in as shemuel with password: pass1234word

2025-01-17 09:21:32 [main] INFO  org.springframework.beans.factory.support.SimpleInstantiationStrategy - Saving a youth: Youth [youthID=null, firstName=Azurah Milcah, lastName=Katongole, address=Address [addressID=0, mobileNumber=0757131918, email=2025newty@gmail.com]]
2025-01-17 09:21:32 [main] INFO  org.springframework.beans.factory.support.SimpleInstantiationStrategy - 

=========================================================

2025-01-17 09:26:00 [main] INFO  org.springframework.beans.factory.support.SimpleInstantiationStrategy - Saving a youth: Youth [youthID=null, firstName=Azurah Milcah, lastName=Katongole, address=Address [addressID=0, mobileNumber=0757131918, email=2025newty@gmail.com]]
2025-01-17 09:26:00 [main] INFO  org.springframework.beans.factory.support.SimpleInstantiationStrategy - 

Logging in as shemuel with password: pass1234word

2025-01-17 09:26:27 [main] INFO  org.springframework.beans.factory.support.SimpleInstantiationStrategy - Saving a youth: Youth [youthID=null, firstName=Azurah Milcah, lastName=Katongole, address=Address [addressID=0, mobileNumber=0757131918, email=2025newty@gmail.com]]
2025-01-17 09:26:27 [main] INFO  org.springframework.beans.factory.support.SimpleInstantiationStrategy - 

Logging in as shemuel with password: pass1234word

2025-01-17 09:27:45 [main] INFO  org.springframework.beans.factory.support.SimpleInstantiationStrategy - Saving a youth: Youth [youthID=null, firstName=Azurah Milcah, lastName=Katongole, address=Address [addressID=0, mobileNumber=0757131918, email=2025newty@gmail.com]]
2025-01-17 09:27:45 [main] INFO  org.springframework.beans.factory.support.SimpleInstantiationStrategy - 

Logging in as shemuel with password: pass1234word

2025-01-17 09:28:42 [main] INFO  org.springframework.beans.factory.support.SimpleInstantiationStrategy - Saving a youth: Youth [youthID=null, firstName=Azurah Milcah, lastName=Katongole, address=Address [addressID=0, mobileNumber=0757131918, email=2025newty@gmail.com]]
2025-01-17 09:28:42 [main] INFO  org.springframework.beans.factory.support.SimpleInstantiationStrategy - 

Logging in as shemuel with password: pass1234word

2025-01-17 09:55:53 [main] INFO  org.springframework.beans.factory.annotation.AutowiredAnnotationBeanPostProcessor - Autowired annotation is not supported on static methods: public static void com.arola.cydb.controllers.LoginController.setLogger(org.apache.logging.log4j.Logger)
2025-01-17 09:55:53 [main] INFO  org.springframework.beans.factory.support.SimpleInstantiationStrategy - Saving a youth: Youth [youthID=null, firstName=Azurah Milcah, lastName=Katongole, address=Address [addressID=0, mobileNumber=0757131918, email=2025newty@gmail.com]]
2025-01-17 09:55:53 [main] WARN  org.springframework.context.support.ClassPathXmlApplicationContext - Exception encountered during context initialization - cancelling refresh attempt: org.springframework.beans.factory.BeanCreationException: Error creating bean with name 'mifb' defined in class path resource [spring_stereotype_annotations.xml]: staticMethod must be a fully qualified class plus method name: for example, 'example.MyExampleClass.myExampleMethod'
2025-01-17 09:56:18 [main] INFO  org.springframework.beans.factory.annotation.AutowiredAnnotationBeanPostProcessor - Autowired annotation is not supported on static methods: public static void com.arola.cydb.controllers.LoginController.setLogger(org.apache.logging.log4j.Logger)
2025-01-17 09:56:18 [main] INFO  org.springframework.beans.factory.support.SimpleInstantiationStrategy - Saving a youth: Youth [youthID=null, firstName=Azurah Milcah, lastName=Katongole, address=Address [addressID=0, mobileNumber=0757131918, email=2025newty@gmail.com]]
2025-01-17 09:56:47 [main] INFO  org.springframework.beans.factory.annotation.AutowiredAnnotationBeanPostProcessor - Autowired annotation is not supported on static methods: public static void com.arola.cydb.controllers.LoginController.setLogger(org.apache.logging.log4j.Logger)
2025-01-17 09:56:47 [main] INFO  org.springframework.beans.factory.support.SimpleInstantiationStrategy - Saving a youth: Youth [youthID=null, firstName=Azurah Milcah, lastName=Katongole, address=Address [addressID=0, mobileNumber=0757131918, email=2025newty@gmail.com]]
2025-01-17 09:58:17 [main] INFO  org.springframework.beans.factory.support.SimpleInstantiationStrategy - Saving a youth: Youth [youthID=null, firstName=Azurah Milcah, lastName=Katongole, address=Address [addressID=0, mobileNumber=0757131918, email=2025newty@gmail.com]]
2025-01-17 09:58:17 [main] INFO  org.springframework.beans.factory.support.SimpleInstantiationStrategy - 

Logging in as shemuel with password: pass1234word

2025-01-17 10:02:24 [main] INFO  org.springframework.beans.factory.support.SimpleInstantiationStrategy - Saving a youth: Youth [youthID=null, firstName=Azurah Milcah, lastName=Katongole, address=Address [addressID=0, mobileNumber=0757131918, email=2025newty@gmail.com]]
2025-01-17 10:02:24 [main] INFO  org.springframework.beans.factory.support.SimpleInstantiationStrategy - ==========Testing with @Controller stereotype annotation==========
2025-01-17 10:02:24 [main] INFO  org.springframework.beans.factory.support.SimpleInstantiationStrategy - 

Logging in as shemuel with password: pass1234word

2025-01-17 10:02:24 [main] INFO  org.springframework.beans.factory.support.SimpleInstantiationStrategy - ==========Testing with another stereotype annotation==========
2025-01-17 10:02:56 [main] INFO  org.springframework.beans.factory.support.SimpleInstantiationStrategy - Saving a youth: Youth [youthID=null, firstName=Azurah Milcah, lastName=Katongole, address=Address [addressID=0, mobileNumber=0757131918, email=2025newty@gmail.com]]
2025-01-17 10:02:56 [main] INFO  org.springframework.beans.factory.support.SimpleInstantiationStrategy - 
==========Testing with @Controller stereotype annotation==========

2025-01-17 10:02:56 [main] INFO  org.springframework.beans.factory.support.SimpleInstantiationStrategy - 

Logging in as shemuel with password: pass1234word

2025-01-17 10:02:56 [main] INFO  org.springframework.beans.factory.support.SimpleInstantiationStrategy - 
==========Testing with another stereotype annotation==========

2025-01-17 10:03:13 [main] INFO  org.springframework.beans.factory.support.SimpleInstantiationStrategy - Saving a youth: Youth [youthID=null, firstName=Azurah Milcah, lastName=Katongole, address=Address [addressID=0, mobileNumber=0757131918, email=2025newty@gmail.com]]
2025-01-17 10:03:13 [main] INFO  org.springframework.beans.factory.support.SimpleInstantiationStrategy - 

==========Testing with @Controller stereotype annotation==========

2025-01-17 10:03:13 [main] INFO  org.springframework.beans.factory.support.SimpleInstantiationStrategy - 

Logging in as shemuel with password: pass1234word

2025-01-17 10:03:13 [main] INFO  org.springframework.beans.factory.support.SimpleInstantiationStrategy - 

==========Testing with another stereotype annotation==========

2025-01-17 10:10:18 [main] INFO  org.springframework.beans.factory.support.SimpleInstantiationStrategy - Saving a youth: Youth [youthID=null, firstName=Azurah Milcah, lastName=Katongole, address=Address [addressID=0, mobileNumber=0757131918, email=2025newty@gmail.com]]
2025-01-17 10:10:18 [main] INFO  org.springframework.beans.factory.support.SimpleInstantiationStrategy - 

==========Testing with @Controller stereotype annotation==========

2025-01-17 10:10:18 [main] INFO  org.springframework.beans.factory.support.SimpleInstantiationStrategy - 

Logging in as shemuel with password: pass1234word

2025-01-17 10:10:18 [main] INFO  org.springframework.beans.factory.support.SimpleInstantiationStrategy - 4
2025-01-17 10:10:18 [main] INFO  org.springframework.beans.factory.support.SimpleInstantiationStrategy - 

==========Testing with @Repository stereotype annotation==========

2025-01-17 10:10:18 [main] INFO  org.springframework.beans.factory.support.SimpleInstantiationStrategy - 

==========Testing with @Service stereotype annotation==========

2025-01-17 10:10:18 [main] INFO  org.springframework.beans.factory.support.SimpleInstantiationStrategy - 

==========Testing with @Component stereotype annotation==========

2025-01-17 10:11:20 [main] INFO  org.springframework.beans.factory.support.SimpleInstantiationStrategy - Saving a youth: Youth [youthID=null, firstName=Azurah Milcah, lastName=Katongole, address=Address [addressID=0, mobileNumber=0757131918, email=2025newty@gmail.com]]
2025-01-17 10:11:20 [main] INFO  org.springframework.beans.factory.support.SimpleInstantiationStrategy - 

==========Testing with @Controller stereotype annotation==========

2025-01-17 10:11:20 [main] INFO  org.springframework.beans.factory.support.SimpleInstantiationStrategy - 

Logging in as shemuel with password: pass1234word

2025-01-17 10:11:20 [main] INFO  org.springframework.beans.factory.support.SimpleInstantiationStrategy - 

COUNTS: 4

2025-01-17 10:11:20 [main] INFO  org.springframework.beans.factory.support.SimpleInstantiationStrategy - 

==========Testing with @Repository stereotype annotation==========

2025-01-17 10:11:20 [main] INFO  org.springframework.beans.factory.support.SimpleInstantiationStrategy - 

==========Testing with @Service stereotype annotation==========

2025-01-17 10:11:20 [main] INFO  org.springframework.beans.factory.support.SimpleInstantiationStrategy - 

==========Testing with @Component stereotype annotation==========

2025-01-21 20:54:29 [main] WARN  org.springframework.context.support.ClassPathXmlApplicationContext - Exception encountered during context initialization - cancelling refresh attempt: org.springframework.beans.factory.CannotLoadBeanClassException: Cannot find class [com.arola.cydb.models.models.Family] for bean with name 'family' defined in class path resource [spring_factorymethods.xml]
2025-01-21 21:08:31 [main] WARN  org.springframework.context.support.ClassPathXmlApplicationContext - Exception encountered during context initialization - cancelling refresh attempt: org.springframework.beans.factory.BeanCreationException: Error creating bean with name 'family' defined in class path resource [spring_factorymethods.xml]: Failed to instantiate [com.arola.cydb.business.Family]: Constructor threw exception
